CRITICAL - 2022-09-03 12:15:08 --> Invalid file: metas.php
in SYSTEMPATH\Exceptions\FrameworkException.php on line 33.
 1 SYSTEMPATH\View\View.php(201): CodeIgniter\Exceptions\FrameworkException::forInvalidFile('metas.php')
 2 SYSTEMPATH\View\View.php(429): CodeIgniter\View\View->render('metas', null, true)
 3 APPPATH\Views\home.php(5): CodeIgniter\View\View->include('metas')
 4 SYSTEMPATH\View\View.php(213): include('APPPATH\\Views\\home.php')
 5 SYSTEMPATH\View\View.php(216): CodeIgniter\View\View->CodeIgniter\View\{closure}()
 6 SYSTEMPATH\Common.php(1142): CodeIgniter\View\View->render('home', [], true)
 7 APPPATH\Controllers\Home.php(9): view('home')
 8 SYSTEMPATH\CodeIgniter.php(904): App\Controllers\Home->index()
 9 SYSTEMPATH\CodeIgniter.php(457): CodeIgniter\CodeIgniter->runController(Object(App\Controllers\Home))
10 SYSTEMPATH\CodeIgniter.php(340): CodeIgniter\CodeIgniter->handleRequest(null, Object(Config\Cache), false)
11 FCPATH\index.php(67): CodeIgniter\CodeIgniter->run()
CRITICAL - 2022-09-03 12:25:47 --> require(metas): failed to open stream: No such file or directory
in APPPATH\Views\home.php on line 5.
 1 APPPATH\Views\home.php(5): CodeIgniter\Debug\Exceptions->errorHandler(2, 'require(metas): failed to open stream: No such file or directory', 'APPPATH\\Views\\home.php', 5, [...])
 2 APPPATH\Views\home.php(5): require()
 3 SYSTEMPATH\View\View.php(213): include('APPPATH\\Views\\home.php')
 4 SYSTEMPATH\View\View.php(216): CodeIgniter\View\View->CodeIgniter\View\{closure}()
 5 SYSTEMPATH\Common.php(1142): CodeIgniter\View\View->render('home', [], true)
 6 APPPATH\Controllers\Home.php(11): view('home', [...])
 7 SYSTEMPATH\CodeIgniter.php(904): App\Controllers\Home->index()
 8 SYSTEMPATH\CodeIgniter.php(457): CodeIgniter\CodeIgniter->runController(Object(App\Controllers\Home))
 9 SYSTEMPATH\CodeIgniter.php(340): CodeIgniter\CodeIgniter->handleRequest(null, Object(Config\Cache), false)
10 FCPATH\index.php(67): CodeIgniter\CodeIgniter->run()
CRITICAL - 2022-09-03 13:01:25 --> Xdebug has detected a possible infinite loop, and aborted your script with a stack depth of '256' frames
in SYSTEMPATH\HTTP\URI.php on line 190.
 1 SYSTEMPATH\HTTP\URI.php(190): explode('C:\\', '/carros/')
 2 SYSTEMPATH\HTTP\URI.php(882): CodeIgniter\HTTP\URI::removeDotSegments('/carros/')
 3 SYSTEMPATH\HTTP\URI.php(914): CodeIgniter\HTTP\URI->filterPath('/carros/')
 4 SYSTEMPATH\HTTP\URI.php(283): CodeIgniter\HTTP\URI->applyParts([...])
 5 SYSTEMPATH\HTTP\URI.php(235): CodeIgniter\HTTP\URI->setURI('http://localhost:80/carros/')
 6 SYSTEMPATH\Helpers\url_helper.php(62): CodeIgniter\HTTP\URI->__construct('http://localhost:80/carros/')
 7 SYSTEMPATH\Helpers\url_helper.php(87): _get_uri('ROOTPATH\\public', Object(Config\App))
 8 SYSTEMPATH\Helpers\url_helper.php(106): site_url('ROOTPATH\\public', null, Object(Config\App))
 9 APPPATH\Views\header.php(4): base_url()
10 APPPATH\Views\home.php(13): require('APPPATH\\Views\\header.php')
11 APPPATH\Views\home.php(15): require('APPPATH\\Views\\home.php')
12 APPPATH\Views\home.php(15): require('APPPATH\\Views\\home.php')
13 APPPATH\Views\home.php(15): require('APPPATH\\Views\\home.php')
14 APPPATH\Views\home.php(15): require('APPPATH\\Views\\home.php')
15 APPPATH\Views\home.php(15): require('APPPATH\\Views\\home.php')
16 APPPATH\Views\home.php(15): require('APPPATH\\Views\\home.php')
17 APPPATH\Views\home.php(15): require('APPPATH\\Views\\home.php')
18 APPPATH\Views\home.php(15): require('APPPATH\\Views\\home.php')
19 APPPATH\Views\home.php(15): require('APPPATH\\Views\\home.php')
20 APPPATH\Views\home.php(15): require('APPPATH\\Views\\home.php')
21 APPPATH\Views\home.php(15): require('APPPATH\\Views\\home.php')
22 APPPATH\Views\home.php(15): require('APPPATH\\Views\\home.php')
23 APPPATH\Views\home.php(15): require('APPPATH\\Views\\home.php')
24 APPPATH\Views\home.php(15): require('APPPATH\\Views\\home.php')
25 APPPATH\Views\home.php(15): require('APPPATH\\Views\\home.php')
26 APPPATH\Views\home.php(15): require('APPPATH\\Views\\home.php')
27 APPPATH\Views\home.php(15): require('APPPATH\\Views\\home.php')
28 APPPATH\Views\home.php(15): require('APPPATH\\Views\\home.php')
29 APPPATH\Views\home.php(15): require('APPPATH\\Views\\home.php')
30 APPPATH\Views\home.php(15): require('APPPATH\\Views\\home.php')
31 APPPATH\Views\home.php(15): require('APPPATH\\Views\\home.php')
32 APPPATH\Views\home.php(15): require('APPPATH\\Views\\home.php')
33 APPPATH\Views\home.php(15): require('APPPATH\\Views\\home.php')
34 APPPATH\Views\home.php(15): require('APPPATH\\Views\\home.php')
35 APPPATH\Views\home.php(15): require('APPPATH\\Views\\home.php')
36 APPPATH\Views\home.php(15): require('APPPATH\\Views\\home.php')
37 APPPATH\Views\home.php(15): require('APPPATH\\Views\\home.php')
38 APPPATH\Views\home.php(15): require('APPPATH\\Views\\home.php')
39 APPPATH\Views\home.php(15): require('APPPATH\\Views\\home.php')
40 APPPATH\Views\home.php(15): require('APPPATH\\Views\\home.php')
41 APPPATH\Views\home.php(15): require('APPPATH\\Views\\home.php')
42 APPPATH\Views\home.php(15): require('APPPATH\\Views\\home.php')
43 APPPATH\Views\home.php(15): require('APPPATH\\Views\\home.php')
44 APPPATH\Views\home.php(15): require('APPPATH\\Views\\home.php')
45 APPPATH\Views\home.php(15): require('APPPATH\\Views\\home.php')
46 APPPATH\Views\home.php(15): require('APPPATH\\Views\\home.php')
47 APPPATH\Views\home.php(15): require('APPPATH\\Views\\home.php')
48 APPPATH\Views\home.php(15): require('APPPATH\\Views\\home.php')
49 APPPATH\Views\home.php(15): require('APPPATH\\Views\\home.php')
50 APPPATH\Views\home.php(15): require('APPPATH\\Views\\home.php')
51 APPPATH\Views\home.php(15): require('APPPATH\\Views\\home.php')
52 APPPATH\Views\home.php(15): require('APPPATH\\Views\\home.php')
53 APPPATH\Views\home.php(15): require('APPPATH\\Views\\home.php')
54 APPPATH\Views\home.php(15): require('APPPATH\\Views\\home.php')
55 APPPATH\Views\home.php(15): require('APPPATH\\Views\\home.php')
56 APPPATH\Views\home.php(15): require('APPPATH\\Views\\home.php')
57 APPPATH\Views\home.php(15): require('APPPATH\\Views\\home.php')
58 APPPATH\Views\home.php(15): require('APPPATH\\Views\\home.php')
59 APPPATH\Views\home.php(15): require('APPPATH\\Views\\home.php')
60 APPPATH\Views\home.php(15): require('APPPATH\\Views\\home.php')
61 APPPATH\Views\home.php(15): require('APPPATH\\Views\\home.php')
62 APPPATH\Views\home.php(15): require('APPPATH\\Views\\home.php')
63 APPPATH\Views\home.php(15): require('APPPATH\\Views\\home.php')
64 APPPATH\Views\home.php(15): require('APPPATH\\Views\\home.php')
65 APPPATH\Views\home.php(15): require('APPPATH\\Views\\home.php')
66 APPPATH\Views\home.php(15): require('APPPATH\\Views\\home.php')
67 APPPATH\Views\home.php(15): require('APPPATH\\Views\\home.php')
68 APPPATH\Views\home.php(15): require('APPPATH\\Views\\home.php')
69 APPPATH\Views\home.php(15): require('APPPATH\\Views\\home.php')
70 APPPATH\Views\home.php(15): require('APPPATH\\Views\\home.php')
71 APPPATH\Views\home.php(15): require('APPPATH\\Views\\home.php')
72 APPPATH\Views\home.php(15): require('APPPATH\\Views\\home.php')
73 APPPATH\Views\home.php(15): require('APPPATH\\Views\\home.php')
74 APPPATH\Views\home.php(15): require('APPPATH\\Views\\home.php')
75 APPPATH\Views\home.php(15): require('APPPATH\\Views\\home.php')
76 APPPATH\Views\home.php(15): require('APPPATH\\Views\\home.php')
77 APPPATH\Views\home.php(15): require('APPPATH\\Views\\home.php')
78 APPPATH\Views\home.php(15): require('APPPATH\\Views\\home.php')
79 APPPATH\Views\home.php(15): require('APPPATH\\Views\\home.php')
80 APPPATH\Views\home.php(15): require('APPPATH\\Views\\home.php')
81 APPPATH\Views\home.php(15): require('APPPATH\\Views\\home.php')
82 APPPATH\Views\home.php(15): require('APPPATH\\Views\\home.php')
83 APPPATH\Views\home.php(15): require('APPPATH\\Views\\home.php')
84 APPPATH\Views\home.php(15): require('APPPATH\\Views\\home.php')
85 APPPATH\Views\home.php(15): require('APPPATH\\Views\\home.php')
86 APPPATH\Views\home.php(15): require('APPPATH\\Views\\home.php')
87 APPPATH\Views\home.php(15): require('APPPATH\\Views\\home.php')
88 APPPATH\Views\home.php(15): require('APPPATH\\Views\\home.php')
89 APPPATH\Views\home.php(15): require('APPPATH\\Views\\home.php')
90 APPPATH\Views\home.php(15): require('APPPATH\\Views\\home.php')
91 APPPATH\Views\home.php(15): require('APPPATH\\Views\\home.php')
92 APPPATH\Views\home.php(15): require('APPPATH\\Views\\home.php')
93 APPPATH\Views\home.php(15): require('APPPATH\\Views\\home.php')
94 APPPATH\Views\home.php(15): require('APPPATH\\Views\\home.php')
95 APPPATH\Views\home.php(15): require('APPPATH\\Views\\home.php')
96 APPPATH\Views\home.php(15): require('APPPATH\\Views\\home.php')
97 APPPATH\Views\home.php(15): require('APPPATH\\Views\\home.php')
98 APPPATH\Views\home.php(15): require('APPPATH\\Views\\home.php')
99 APPPATH\Views\home.php(15): require('APPPATH\\Views\\home.php')
100 APPPATH\Views\home.php(15): require('APPPATH\\Views\\home.php')
101 APPPATH\Views\home.php(15): require('APPPATH\\Views\\home.php')
102 APPPATH\Views\home.php(15): require('APPPATH\\Views\\home.php')
103 APPPATH\Views\home.php(15): require('APPPATH\\Views\\home.php')
104 APPPATH\Views\home.php(15): require('APPPATH\\Views\\home.php')
105 APPPATH\Views\home.php(15): require('APPPATH\\Views\\home.php')
106 APPPATH\Views\home.php(15): require('APPPATH\\Views\\home.php')
107 APPPATH\Views\home.php(15): require('APPPATH\\Views\\home.php')
108 APPPATH\Views\home.php(15): require('APPPATH\\Views\\home.php')
109 APPPATH\Views\home.php(15): require('APPPATH\\Views\\home.php')
110 APPPATH\Views\home.php(15): require('APPPATH\\Views\\home.php')
111 APPPATH\Views\home.php(15): require('APPPATH\\Views\\home.php')
112 APPPATH\Views\home.php(15): require('APPPATH\\Views\\home.php')
113 APPPATH\Views\home.php(15): require('APPPATH\\Views\\home.php')
114 APPPATH\Views\home.php(15): require('APPPATH\\Views\\home.php')
115 APPPATH\Views\home.php(15): require('APPPATH\\Views\\home.php')
116 APPPATH\Views\home.php(15): require('APPPATH\\Views\\home.php')
117 APPPATH\Views\home.php(15): require('APPPATH\\Views\\home.php')
118 APPPATH\Views\home.php(15): require('APPPATH\\Views\\home.php')
119 APPPATH\Views\home.php(15): require('APPPATH\\Views\\home.php')
120 APPPATH\Views\home.php(15): require('APPPATH\\Views\\home.php')
121 APPPATH\Views\home.php(15): require('APPPATH\\Views\\home.php')
122 APPPATH\Views\home.php(15): require('APPPATH\\Views\\home.php')
123 APPPATH\Views\home.php(15): require('APPPATH\\Views\\home.php')
124 APPPATH\Views\home.php(15): require('APPPATH\\Views\\home.php')
125 APPPATH\Views\home.php(15): require('APPPATH\\Views\\home.php')
126 APPPATH\Views\home.php(15): require('APPPATH\\Views\\home.php')
127 APPPATH\Views\home.php(15): require('APPPATH\\Views\\home.php')
128 APPPATH\Views\home.php(15): require('APPPATH\\Views\\home.php')
129 APPPATH\Views\home.php(15): require('APPPATH\\Views\\home.php')
130 APPPATH\Views\home.php(15): require('APPPATH\\Views\\home.php')
131 APPPATH\Views\home.php(15): require('APPPATH\\Views\\home.php')
132 APPPATH\Views\home.php(15): require('APPPATH\\Views\\home.php')
133 APPPATH\Views\home.php(15): require('APPPATH\\Views\\home.php')
134 APPPATH\Views\home.php(15): require('APPPATH\\Views\\home.php')
135 APPPATH\Views\home.php(15): require('APPPATH\\Views\\home.php')
136 APPPATH\Views\home.php(15): require('APPPATH\\Views\\home.php')
137 APPPATH\Views\home.php(15): require('APPPATH\\Views\\home.php')
138 APPPATH\Views\home.php(15): require('APPPATH\\Views\\home.php')
139 APPPATH\Views\home.php(15): require('APPPATH\\Views\\home.php')
140 APPPATH\Views\home.php(15): require('APPPATH\\Views\\home.php')
141 APPPATH\Views\home.php(15): require('APPPATH\\Views\\home.php')
142 APPPATH\Views\home.php(15): require('APPPATH\\Views\\home.php')
143 APPPATH\Views\home.php(15): require('APPPATH\\Views\\home.php')
144 APPPATH\Views\home.php(15): require('APPPATH\\Views\\home.php')
145 APPPATH\Views\home.php(15): require('APPPATH\\Views\\home.php')
146 APPPATH\Views\home.php(15): require('APPPATH\\Views\\home.php')
147 APPPATH\Views\home.php(15): require('APPPATH\\Views\\home.php')
148 APPPATH\Views\home.php(15): require('APPPATH\\Views\\home.php')
149 APPPATH\Views\home.php(15): require('APPPATH\\Views\\home.php')
150 APPPATH\Views\home.php(15): require('APPPATH\\Views\\home.php')
151 APPPATH\Views\home.php(15): require('APPPATH\\Views\\home.php')
152 APPPATH\Views\home.php(15): require('APPPATH\\Views\\home.php')
153 APPPATH\Views\home.php(15): require('APPPATH\\Views\\home.php')
154 APPPATH\Views\home.php(15): require('APPPATH\\Views\\home.php')
155 APPPATH\Views\home.php(15): require('APPPATH\\Views\\home.php')
156 APPPATH\Views\home.php(15): require('APPPATH\\Views\\home.php')
157 APPPATH\Views\home.php(15): require('APPPATH\\Views\\home.php')
158 APPPATH\Views\home.php(15): require('APPPATH\\Views\\home.php')
159 APPPATH\Views\home.php(15): require('APPPATH\\Views\\home.php')
160 APPPATH\Views\home.php(15): require('APPPATH\\Views\\home.php')
161 APPPATH\Views\home.php(15): require('APPPATH\\Views\\home.php')
162 APPPATH\Views\home.php(15): require('APPPATH\\Views\\home.php')
163 APPPATH\Views\home.php(15): require('APPPATH\\Views\\home.php')
164 APPPATH\Views\home.php(15): require('APPPATH\\Views\\home.php')
165 APPPATH\Views\home.php(15): require('APPPATH\\Views\\home.php')
166 APPPATH\Views\home.php(15): require('APPPATH\\Views\\home.php')
167 APPPATH\Views\home.php(15): require('APPPATH\\Views\\home.php')
168 APPPATH\Views\home.php(15): require('APPPATH\\Views\\home.php')
169 APPPATH\Views\home.php(15): require('APPPATH\\Views\\home.php')
170 APPPATH\Views\home.php(15): require('APPPATH\\Views\\home.php')
171 APPPATH\Views\home.php(15): require('APPPATH\\Views\\home.php')
172 APPPATH\Views\home.php(15): require('APPPATH\\Views\\home.php')
173 APPPATH\Views\home.php(15): require('APPPATH\\Views\\home.php')
174 APPPATH\Views\home.php(15): require('APPPATH\\Views\\home.php')
175 APPPATH\Views\home.php(15): require('APPPATH\\Views\\home.php')
176 APPPATH\Views\home.php(15): require('APPPATH\\Views\\home.php')
177 APPPATH\Views\home.php(15): require('APPPATH\\Views\\home.php')
178 APPPATH\Views\home.php(15): require('APPPATH\\Views\\home.php')
179 APPPATH\Views\home.php(15): require('APPPATH\\Views\\home.php')
180 APPPATH\Views\home.php(15): require('APPPATH\\Views\\home.php')
181 APPPATH\Views\home.php(15): require('APPPATH\\Views\\home.php')
182 APPPATH\Views\home.php(15): require('APPPATH\\Views\\home.php')
183 APPPATH\Views\home.php(15): require('APPPATH\\Views\\home.php')
184 APPPATH\Views\home.php(15): require('APPPATH\\Views\\home.php')
185 APPPATH\Views\home.php(15): require('APPPATH\\Views\\home.php')
186 APPPATH\Views\home.php(15): require('APPPATH\\Views\\home.php')
187 APPPATH\Views\home.php(15): require('APPPATH\\Views\\home.php')
188 APPPATH\Views\home.php(15): require('APPPATH\\Views\\home.php')
189 APPPATH\Views\home.php(15): require('APPPATH\\Views\\home.php')
190 APPPATH\Views\home.php(15): require('APPPATH\\Views\\home.php')
191 APPPATH\Views\home.php(15): require('APPPATH\\Views\\home.php')
192 APPPATH\Views\home.php(15): require('APPPATH\\Views\\home.php')
193 APPPATH\Views\home.php(15): require('APPPATH\\Views\\home.php')
194 APPPATH\Views\home.php(15): require('APPPATH\\Views\\home.php')
195 APPPATH\Views\home.php(15): require('APPPATH\\Views\\home.php')
196 APPPATH\Views\home.php(15): require('APPPATH\\Views\\home.php')
197 APPPATH\Views\home.php(15): require('APPPATH\\Views\\home.php')
198 APPPATH\Views\home.php(15): require('APPPATH\\Views\\home.php')
199 APPPATH\Views\home.php(15): require('APPPATH\\Views\\home.php')
200 APPPATH\Views\home.php(15): require('APPPATH\\Views\\home.php')
201 APPPATH\Views\home.php(15): require('APPPATH\\Views\\home.php')
202 APPPATH\Views\home.php(15): require('APPPATH\\Views\\home.php')
203 APPPATH\Views\home.php(15): require('APPPATH\\Views\\home.php')
204 APPPATH\Views\home.php(15): require('APPPATH\\Views\\home.php')
205 APPPATH\Views\home.php(15): require('APPPATH\\Views\\home.php')
206 APPPATH\Views\home.php(15): require('APPPATH\\Views\\home.php')
207 APPPATH\Views\home.php(15): require('APPPATH\\Views\\home.php')
208 APPPATH\Views\home.php(15): require('APPPATH\\Views\\home.php')
209 APPPATH\Views\home.php(15): require('APPPATH\\Views\\home.php')
210 APPPATH\Views\home.php(15): require('APPPATH\\Views\\home.php')
211 APPPATH\Views\home.php(15): require('APPPATH\\Views\\home.php')
212 APPPATH\Views\home.php(15): require('APPPATH\\Views\\home.php')
213 APPPATH\Views\home.php(15): require('APPPATH\\Views\\home.php')
214 APPPATH\Views\home.php(15): require('APPPATH\\Views\\home.php')
215 APPPATH\Views\home.php(15): require('APPPATH\\Views\\home.php')
216 APPPATH\Views\home.php(15): require('APPPATH\\Views\\home.php')
217 APPPATH\Views\home.php(15): require('APPPATH\\Views\\home.php')
218 APPPATH\Views\home.php(15): require('APPPATH\\Views\\home.php')
219 APPPATH\Views\home.php(15): require('APPPATH\\Views\\home.php')
220 APPPATH\Views\home.php(15): require('APPPATH\\Views\\home.php')
221 APPPATH\Views\home.php(15): require('APPPATH\\Views\\home.php')
222 APPPATH\Views\home.php(15): require('APPPATH\\Views\\home.php')
223 APPPATH\Views\home.php(15): require('APPPATH\\Views\\home.php')
224 APPPATH\Views\home.php(15): require('APPPATH\\Views\\home.php')
225 APPPATH\Views\home.php(15): require('APPPATH\\Views\\home.php')
226 APPPATH\Views\home.php(15): require('APPPATH\\Views\\home.php')
227 APPPATH\Views\home.php(15): require('APPPATH\\Views\\home.php')
228 APPPATH\Views\home.php(15): require('APPPATH\\Views\\home.php')
229 APPPATH\Views\home.php(15): require('APPPATH\\Views\\home.php')
230 APPPATH\Views\home.php(15): require('APPPATH\\Views\\home.php')
231 APPPATH\Views\home.php(15): require('APPPATH\\Views\\home.php')
232 APPPATH\Views\home.php(15): require('APPPATH\\Views\\home.php')
233 APPPATH\Views\home.php(15): require('APPPATH\\Views\\home.php')
234 APPPATH\Views\home.php(15): require('APPPATH\\Views\\home.php')
235 APPPATH\Views\home.php(15): require('APPPATH\\Views\\home.php')
236 APPPATH\Views\home.php(15): require('APPPATH\\Views\\home.php')
237 APPPATH\Views\home.php(15): require('APPPATH\\Views\\home.php')
238 APPPATH\Views\home.php(15): require('APPPATH\\Views\\home.php')
239 APPPATH\Views\home.php(15): require('APPPATH\\Views\\home.php')
240 APPPATH\Views\home.php(15): require('APPPATH\\Views\\home.php')
241 APPPATH\Views\home.php(15): require('APPPATH\\Views\\home.php')
242 APPPATH\Views\home.php(15): require('APPPATH\\Views\\home.php')
243 APPPATH\Views\home.php(15): require('APPPATH\\Views\\home.php')
244 APPPATH\Views\home.php(15): require('APPPATH\\Views\\home.php')
245 APPPATH\Views\home.php(15): require('APPPATH\\Views\\home.php')
246 APPPATH\Views\home.php(15): require('APPPATH\\Views\\home.php')
247 APPPATH\Views\home.php(15): require('APPPATH\\Views\\home.php')
248 APPPATH\Views\home.php(15): require('APPPATH\\Views\\home.php')
249 SYSTEMPATH\View\View.php(213): include('APPPATH\\Views\\home.php')
250 SYSTEMPATH\View\View.php(216): CodeIgniter\View\View->CodeIgniter\View\{closure}()
251 SYSTEMPATH\Common.php(1142): CodeIgniter\View\View->render('home', [], true)
252 APPPATH\Controllers\Home.php(12): view('home', [...])
253 SYSTEMPATH\CodeIgniter.php(904): App\Controllers\Home->index()
254 SYSTEMPATH\CodeIgniter.php(457): CodeIgniter\CodeIgniter->runController(Object(App\Controllers\Home))
255 SYSTEMPATH\CodeIgniter.php(340): CodeIgniter\CodeIgniter->handleRequest(null, Object(Config\Cache), false)
256 FCPATH\index.php(67): CodeIgniter\CodeIgniter->run()
